rooted_android_native/app/build/intermediates/manifest_merge_blame_file/debug/manifest-merger-blame-debug-report.txt
1<?xml version="1.0" encoding="utf-8"?>
2<manifest xmlns:android="http://schemas.android.com/apk/res/android"
3    package="online.rooted_feed"
4    android:versionCode="1"
5    android:versionName="1.0" >
6
7    <uses-sdk
8        android:minSdkVersion="24"
8-->src\main\AndroidManifest.xml
9        android:targetSdkVersion="33" />
9-->src\main\AndroidManifest.xml
10
11    <uses-permission android:name="android.permission.INTERNET" />
11-->src\main\AndroidManifest.xml:5:5-67
11-->src\main\AndroidManifest.xml:5:22-64
12
13    <permission
13-->[androidx.core:core:1.10.1] AndroidManifest.xml:22:5-24:47
14        android:name="online.rooted_feed.DYNAMIC_RECEIVER_NOT_EXPORTED_PERMISSION"
14-->[androidx.core:core:1.10.1] AndroidManifest.xml:23:9-81
15        android:protectionLevel="signature" />
15-->[androidx.core:core:1.10.1] AndroidManifest.xml:24:9-44
16
17    <uses-permission android:name="online.rooted_feed.DYNAMIC_RECEIVER_NOT_EXPORTED_PERMISSION" />
17-->[androidx.core:core:1.10.1] AndroidManifest.xml:26:5-97
17-->[androidx.core:core:1.10.1] AndroidManifest.xml:26:22-94
18
19    <application
19-->src\main\AndroidManifest.xml:7:5-47:19
20        android:allowBackup="true"
20-->src\main\AndroidManifest.xml:8:9-35
21        android:appComponentFactory="androidx.core.app.CoreComponentFactory"
21-->[androidx.core:core:1.10.1] AndroidManifest.xml:28:18-86
22        android:debuggable="true"
23        android:extractNativeLibs="false"
24        android:icon="@mipmap/ic_launcher"
24-->src\main\AndroidManifest.xml:9:9-43
25        android:label="Rooted Feed"
25-->src\main\AndroidManifest.xml:10:9-36
26        android:roundIcon="@mipmap/ic_launcher_round"
26-->src\main\AndroidManifest.xml:11:9-54
27        android:supportsRtl="true"
27-->src\main\AndroidManifest.xml:12:9-35
28        android:testOnly="true"
29        android:theme="@style/Theme.RootedFeed.Splash" >
29-->src\main\AndroidManifest.xml:13:9-55
30        <activity
30-->src\main\AndroidManifest.xml:15:9-33:20
31            android:name="online.rooted_feed.MainActivity"
31-->src\main\AndroidManifest.xml:16:13-41
32            android:configChanges="orientation|screenSize|keyboardHidden"
32-->src\main\AndroidManifest.xml:18:13-74
33            android:exported="true"
33-->src\main\AndroidManifest.xml:17:13-36
34            android:launchMode="singleTask" > <!-- singleTask helps with intent handling -->
34-->src\main\AndroidManifest.xml:19:13-44
35            <intent-filter>
35-->src\main\AndroidManifest.xml:20:13-23:29
36                <action android:name="android.intent.action.MAIN" />
36-->src\main\AndroidManifest.xml:21:17-69
36-->src\main\AndroidManifest.xml:21:25-66
37
38                <category android:name="android.intent.category.LAUNCHER" />
38-->src\main\AndroidManifest.xml:22:17-77
38-->src\main\AndroidManifest.xml:22:27-74
39            </intent-filter>
40
41            <!-- Deep Linking for rooted-feed.online -->
42            <intent-filter android:autoVerify="true" >
42-->src\main\AndroidManifest.xml:26:13-32:29
42-->src\main\AndroidManifest.xml:26:28-53
43                <action android:name="android.intent.action.VIEW" />
43-->src\main\AndroidManifest.xml:27:17-69
43-->src\main\AndroidManifest.xml:27:25-66
44
45                <category android:name="android.intent.category.DEFAULT" />
45-->src\main\AndroidManifest.xml:28:17-76
45-->src\main\AndroidManifest.xml:28:27-73
46                <category android:name="android.intent.category.BROWSABLE" />
46-->src\main\AndroidManifest.xml:29:17-78
46-->src\main\AndroidManifest.xml:29:27-75
47
48                <data
48-->src\main\AndroidManifest.xml:30:17-86
49                    android:host="www.rooted-feed.online"
49-->src\main\AndroidManifest.xml:30:46-83
50                    android:scheme="https" />
50-->src\main\AndroidManifest.xml:30:23-45
51                <data
51-->src\main\AndroidManifest.xml:30:17-86
52                    android:host="rooted-feed.online"
52-->src\main\AndroidManifest.xml:30:46-83
53                    android:scheme="https" />
53-->src\main\AndroidManifest.xml:30:23-45
54            </intent-filter>
55        </activity>
56        <activity
56-->src\main\AndroidManifest.xml:35:9-39:55
57            android:name="online.rooted_feed.chat.ConversationActivity"
57-->src\main\AndroidManifest.xml:36:13-54
58            android:exported="false"
58-->src\main\AndroidManifest.xml:37:13-37
59            android:label="Messages"
59-->src\main\AndroidManifest.xml:38:13-37
60            android:theme="@style/Theme.RootedFeed" />
60-->src\main\AndroidManifest.xml:39:13-52
61        <activity
61-->src\main\AndroidManifest.xml:41:9-45:55
62            android:name="online.rooted_feed.chat.ChatActivity"
62-->src\main\AndroidManifest.xml:42:13-46
63            android:exported="false"
63-->src\main\AndroidManifest.xml:43:13-37
64            android:label="Chat"
64-->src\main\AndroidManifest.xml:44:13-33
65            android:theme="@style/Theme.RootedFeed" />
65-->src\main\AndroidManifest.xml:45:13-52
66
67        <provider
67-->[androidx.emoji2:emoji2:1.2.0] AndroidManifest.xml:24:9-32:20
68            android:name="androidx.startup.InitializationProvider"
68-->[androidx.emoji2:emoji2:1.2.0] AndroidManifest.xml:25:13-67
69            android:authorities="online.rooted_feed.androidx-startup"
69-->[androidx.emoji2:emoji2:1.2.0] AndroidManifest.xml:26:13-68
70            android:exported="false" >
70-->[androidx.emoji2:emoji2:1.2.0] AndroidManifest.xml:27:13-37
71            <meta-data
71-->[androidx.emoji2:emoji2:1.2.0] AndroidManifest.xml:29:13-31:52
72                android:name="androidx.emoji2.text.EmojiCompatInitializer"
72-->[androidx.emoji2:emoji2:1.2.0] AndroidManifest.xml:30:17-75
73                android:value="androidx.startup" />
73-->[androidx.emoji2:emoji2:1.2.0] AndroidManifest.xml:31:17-49
74            <meta-data
74-->[androidx.lifecycle:lifecycle-process:2.4.1] AndroidManifest.xml:31:13-33:52
75                android:name="androidx.lifecycle.ProcessLifecycleInitializer"
75-->[androidx.lifecycle:lifecycle-process:2.4.1] AndroidManifest.xml:32:17-78
76                android:value="androidx.startup" />
76-->[androidx.lifecycle:lifecycle-process:2.4.1] AndroidManifest.xml:33:17-49
77        </provider>
78    </application>
79
80</manifest>